  main.cpp
C:\Pliki\Programowanie\C++\Nauka solo\SFML\DinoDefense\SFML template\main.cpp(95,54): warning C4244: "argument": konwersja z "T" do "float", możliwa utrata danych
C:\Pliki\Programowanie\C++\Nauka solo\SFML\DinoDefense\SFML template\main.cpp(95,54): warning C4244:         with
C:\Pliki\Programowanie\C++\Nauka solo\SFML\DinoDefense\SFML template\main.cpp(95,54): warning C4244:         [
C:\Pliki\Programowanie\C++\Nauka solo\SFML\DinoDefense\SFML template\main.cpp(95,54): warning C4244:             T=unsigned int
C:\Pliki\Programowanie\C++\Nauka solo\SFML\DinoDefense\SFML template\main.cpp(95,54): warning C4244:         ]
C:\Pliki\Programowanie\C++\Nauka solo\SFML\DinoDefense\SFML template\main.cpp(107,64): warning C4244: "argument": konwersja z "T" do "float", możliwa utrata danych
C:\Pliki\Programowanie\C++\Nauka solo\SFML\DinoDefense\SFML template\main.cpp(107,64): warning C4244:         with
C:\Pliki\Programowanie\C++\Nauka solo\SFML\DinoDefense\SFML template\main.cpp(107,64): warning C4244:         [
C:\Pliki\Programowanie\C++\Nauka solo\SFML\DinoDefense\SFML template\main.cpp(107,64): warning C4244:             T=unsigned int
C:\Pliki\Programowanie\C++\Nauka solo\SFML\DinoDefense\SFML template\main.cpp(107,64): warning C4244:         ]
C:\Pliki\Programowanie\C++\Nauka solo\SFML\DinoDefense\SFML template\main.cpp(113,65): warning C4244: "argument": konwersja z "T" do "float", możliwa utrata danych
C:\Pliki\Programowanie\C++\Nauka solo\SFML\DinoDefense\SFML template\main.cpp(113,65): warning C4244:         with
C:\Pliki\Programowanie\C++\Nauka solo\SFML\DinoDefense\SFML template\main.cpp(113,65): warning C4244:         [
C:\Pliki\Programowanie\C++\Nauka solo\SFML\DinoDefense\SFML template\main.cpp(113,65): warning C4244:             T=unsigned int
C:\Pliki\Programowanie\C++\Nauka solo\SFML\DinoDefense\SFML template\main.cpp(113,65): warning C4244:         ]
C:\Pliki\Programowanie\C++\Nauka solo\SFML\DinoDefense\SFML template\main.cpp(148,29): warning C4244: "inicjowanie": konwersja z "int" do "float", możliwa utrata danych
C:\Pliki\Programowanie\C++\Nauka solo\SFML\DinoDefense\SFML template\main.cpp(165,51): warning C4244: "argument": konwersja z "T" do "float", możliwa utrata danych
C:\Pliki\Programowanie\C++\Nauka solo\SFML\DinoDefense\SFML template\main.cpp(165,51): warning C4244:         with
C:\Pliki\Programowanie\C++\Nauka solo\SFML\DinoDefense\SFML template\main.cpp(165,51): warning C4244:         [
C:\Pliki\Programowanie\C++\Nauka solo\SFML\DinoDefense\SFML template\main.cpp(165,51): warning C4244:             T=unsigned int
C:\Pliki\Programowanie\C++\Nauka solo\SFML\DinoDefense\SFML template\main.cpp(165,51): warning C4244:         ]
C:\Pliki\Programowanie\C++\Nauka solo\SFML\DinoDefense\SFML template\main.cpp(287,21): warning C4244: "argument": konwersja z "float" do "int", możliwa utrata danych
C:\Pliki\Programowanie\C++\Nauka solo\SFML\DinoDefense\SFML template\main.cpp(289,22): warning C4244: "argument": konwersja z "float" do "int", możliwa utrata danych
C:\Pliki\Programowanie\C++\Nauka solo\SFML\DinoDefense\SFML template\main.cpp(292,46): warning C4244: "argument": konwersja z "T" do "float", możliwa utrata danych
C:\Pliki\Programowanie\C++\Nauka solo\SFML\DinoDefense\SFML template\main.cpp(292,46): warning C4244:         with
C:\Pliki\Programowanie\C++\Nauka solo\SFML\DinoDefense\SFML template\main.cpp(292,46): warning C4244:         [
C:\Pliki\Programowanie\C++\Nauka solo\SFML\DinoDefense\SFML template\main.cpp(292,46): warning C4244:             T=unsigned int
C:\Pliki\Programowanie\C++\Nauka solo\SFML\DinoDefense\SFML template\main.cpp(292,46): warning C4244:         ]
C:\Pliki\Programowanie\C++\Nauka solo\SFML\DinoDefense\SFML template\main.cpp(299,20): warning C4244: "argument": konwersja z "float" do "int", możliwa utrata danych
C:\Pliki\Programowanie\C++\Nauka solo\SFML\DinoDefense\SFML template\main.cpp(301,22): warning C4244: "argument": konwersja z "float" do "int", możliwa utrata danych
C:\Pliki\Programowanie\C++\Nauka solo\SFML\DinoDefense\SFML template\main.cpp(303,69): warning C4244: "argument": konwersja z "T" do "float", możliwa utrata danych
C:\Pliki\Programowanie\C++\Nauka solo\SFML\DinoDefense\SFML template\main.cpp(303,69): warning C4244:         with
C:\Pliki\Programowanie\C++\Nauka solo\SFML\DinoDefense\SFML template\main.cpp(303,69): warning C4244:         [
C:\Pliki\Programowanie\C++\Nauka solo\SFML\DinoDefense\SFML template\main.cpp(303,69): warning C4244:             T=unsigned int
C:\Pliki\Programowanie\C++\Nauka solo\SFML\DinoDefense\SFML template\main.cpp(303,69): warning C4244:         ]
C:\Pliki\Programowanie\C++\Nauka solo\SFML\DinoDefense\SFML template\main.cpp(303,46): warning C4244: "argument": konwersja z "T" do "float", możliwa utrata danych
C:\Pliki\Programowanie\C++\Nauka solo\SFML\DinoDefense\SFML template\main.cpp(303,46): warning C4244:         with
C:\Pliki\Programowanie\C++\Nauka solo\SFML\DinoDefense\SFML template\main.cpp(303,46): warning C4244:         [
C:\Pliki\Programowanie\C++\Nauka solo\SFML\DinoDefense\SFML template\main.cpp(303,46): warning C4244:             T=unsigned int
C:\Pliki\Programowanie\C++\Nauka solo\SFML\DinoDefense\SFML template\main.cpp(303,46): warning C4244:         ]
C:\Pliki\Programowanie\C++\Nauka solo\SFML\DinoDefense\SFML template\main.cpp(310,21): warning C4244: "argument": konwersja z "float" do "int", możliwa utrata danych
C:\Pliki\Programowanie\C++\Nauka solo\SFML\DinoDefense\SFML template\main.cpp(312,22): warning C4244: "argument": konwersja z "float" do "int", możliwa utrata danych
C:\Pliki\Programowanie\C++\Nauka solo\SFML\DinoDefense\SFML template\main.cpp(315,46): warning C4244: "argument": konwersja z "T" do "float", możliwa utrata danych
C:\Pliki\Programowanie\C++\Nauka solo\SFML\DinoDefense\SFML template\main.cpp(315,46): warning C4244:         with
C:\Pliki\Programowanie\C++\Nauka solo\SFML\DinoDefense\SFML template\main.cpp(315,46): warning C4244:         [
C:\Pliki\Programowanie\C++\Nauka solo\SFML\DinoDefense\SFML template\main.cpp(315,46): warning C4244:             T=unsigned int
C:\Pliki\Programowanie\C++\Nauka solo\SFML\DinoDefense\SFML template\main.cpp(315,46): warning C4244:         ]
C:\Pliki\Programowanie\C++\Nauka solo\SFML\DinoDefense\SFML template\main.cpp(321,23): warning C4244: "argument": konwersja z "float" do "int", możliwa utrata danych
C:\Pliki\Programowanie\C++\Nauka solo\SFML\DinoDefense\SFML template\main.cpp(323,24): warning C4244: "argument": konwersja z "float" do "int", możliwa utrata danych
C:\Pliki\Programowanie\C++\Nauka solo\SFML\DinoDefense\SFML template\main.cpp(326,46): warning C4244: "argument": konwersja z "T" do "float", możliwa utrata danych
C:\Pliki\Programowanie\C++\Nauka solo\SFML\DinoDefense\SFML template\main.cpp(326,46): warning C4244:         with
C:\Pliki\Programowanie\C++\Nauka solo\SFML\DinoDefense\SFML template\main.cpp(326,46): warning C4244:         [
C:\Pliki\Programowanie\C++\Nauka solo\SFML\DinoDefense\SFML template\main.cpp(326,46): warning C4244:             T=unsigned int
C:\Pliki\Programowanie\C++\Nauka solo\SFML\DinoDefense\SFML template\main.cpp(326,46): warning C4244:         ]
C:\Pliki\Programowanie\C++\Nauka solo\SFML\DinoDefense\SFML template\main.cpp(479,48): warning C4244: "argument": konwersja z "double" do "int", możliwa utrata danych
C:\Pliki\Programowanie\C++\Nauka solo\SFML\DinoDefense\SFML template\main.cpp(507,36): warning C4244: "argument": konwersja z "float" do "unsigned int", możliwa utrata danych
C:\Pliki\Programowanie\C++\Nauka solo\SFML\DinoDefense\SFML template\main.cpp(567,46): warning C4244: "=": konwersja z "double" do "int", możliwa utrata danych
C:\Pliki\Programowanie\C++\Nauka solo\SFML\DinoDefense\SFML template\main.cpp(628,27): warning C4244: "argument": konwersja z "float" do "int", możliwa utrata danych
C:\Pliki\Programowanie\C++\Nauka solo\SFML\DinoDefense\SFML template\main.cpp(633,27): warning C4244: "inicjowanie": konwersja z "int" do "float", możliwa utrata danych
C:\Pliki\Programowanie\C++\Nauka solo\SFML\DinoDefense\SFML template\main.cpp(637,37): warning C4244: "argument": konwersja z "float" do "int", możliwa utrata danych
C:\Pliki\Programowanie\C++\Nauka solo\SFML\DinoDefense\SFML template\main.cpp(690,33): warning C4305: "+=": obcięcie z "double" do "float"
C:\Pliki\Programowanie\C++\Nauka solo\SFML\DinoDefense\SFML template\main.cpp(691,34): warning C4305: "+=": obcięcie z "double" do "float"
C:\Pliki\Programowanie\C++\Nauka solo\SFML\DinoDefense\SFML template\main.cpp(751,55): warning C4244: "argument": konwersja z "float" do "int", możliwa utrata danych
C:\Pliki\Programowanie\C++\Nauka solo\SFML\DinoDefense\SFML template\main.cpp(755,60): warning C4244: "argument": konwersja z "float" do "int", możliwa utrata danych
C:\Pliki\Programowanie\C++\Nauka solo\SFML\DinoDefense\SFML template\main.cpp(759,63): warning C4244: "argument": konwersja z "float" do "int", możliwa utrata danych
C:\Pliki\Programowanie\C++\Nauka solo\SFML\DinoDefense\SFML template\main.cpp(763,54): warning C4244: "argument": konwersja z "float" do "int", możliwa utrata danych
C:\Pliki\Programowanie\C++\Nauka solo\SFML\DinoDefense\SFML template\main.cpp(767,58): warning C4244: "argument": konwersja z "float" do "int", możliwa utrata danych
C:\Pliki\Programowanie\C++\Nauka solo\SFML\DinoDefense\SFML template\main.cpp(807,59): warning C4244: "argument": konwersja z "double" do "float", możliwa utrata danych
C:\Pliki\Programowanie\C++\Nauka solo\SFML\DinoDefense\SFML template\main.cpp(918,56): warning C4244: "argument": konwersja z "T" do "float", możliwa utrata danych
C:\Pliki\Programowanie\C++\Nauka solo\SFML\DinoDefense\SFML template\main.cpp(918,56): warning C4244:         with
C:\Pliki\Programowanie\C++\Nauka solo\SFML\DinoDefense\SFML template\main.cpp(918,56): warning C4244:         [
C:\Pliki\Programowanie\C++\Nauka solo\SFML\DinoDefense\SFML template\main.cpp(918,56): warning C4244:             T=unsigned int
C:\Pliki\Programowanie\C++\Nauka solo\SFML\DinoDefense\SFML template\main.cpp(918,56): warning C4244:         ]
  Trwa generowanie kodu
  83 of 390 functions (21.3%) were compiled, the rest were copied from previous compilation.
    0 functions were new in current compilation
    47 functions had inline decision re-evaluated but remain unchanged
  Zakończono generowanie kodu
  SFML template.vcxproj -> C:\Pliki\Programowanie\C++\Nauka solo\SFML\DinoDefense\Release\SFML template.exe
